\BOOKMARK [1][-]{section*.2}{\376\377\000E\000l\001\121\000s\000z\000\363}{}% 1
\BOOKMARK [0][-]{chapter.1}{\376\377\000G\000y\001\161\000r\001\161\000k}{}% 2
\BOOKMARK [1][-]{section.1.1}{\376\377\000G\000y\001\161\000r\001\161\000\040\000f\000o\000g\000a\000l\000m\000a}{chapter.1}% 3
\BOOKMARK [1][-]{section.1.2}{\376\377\000G\000y\001\161\000r\001\161\000k\000\040\000s\000z\000\341\000m\000e\000l\000m\000\351\000l\000e\000t\000e}{chapter.1}% 4
\BOOKMARK [1][-]{section.1.3}{\376\377\000G\000a\000u\000s\000s\000-\000l\000e\000m\000m\000\341\000k}{chapter.1}% 5
\BOOKMARK [0][-]{chapter.2}{\376\377\000I\000r\000r\000e\000d\000u\000c\000i\000b\000i\000l\000i\000t\000\341\000s}{}% 6
\BOOKMARK [1][-]{section.2.1}{\376\377\000P\000r\000\355\000m\000e\000k\000,\000\040\000f\000e\000l\000b\000o\000n\000t\000h\000a\000t\000a\000t\000l\000a\000n\000o\000k}{chapter.2}% 7
\BOOKMARK [1][-]{section.2.2}{\376\377\000S\000z\000\341\000m\000e\000l\000m\000\351\000l\000e\000t\000\040\000a\000l\000a\000p\000t\000\351\000t\000e\000l\000e}{chapter.2}% 8
\BOOKMARK [1][-]{section.2.3}{\376\377\000T\000r\000\374\000k\000k\000\366\000k\000\040\000Z\000[\000x\000]\000-\000b\000e\000n}{chapter.2}% 9
\BOOKMARK [1][-]{section.2.4}{\376\377\000K\000a\000r\000a\000k\000t\000e\000r\000i\000s\000z\000t\000i\000k\000a}{chapter.2}% 10
\BOOKMARK [1][-]{section.2.5}{\376\377\000A\000l\000g\000e\000b\000r\000a\000i\000,\000\040\000t\000r\000a\000n\000s\000z\000c\000e\000n\000d\000e\000n\000s\000,\000\040\000m\000i\000n\000i\000m\000\341\000l\000p\000o\000l\000i\000n\000o\000m}{chapter.2}% 11
\BOOKMARK [0][-]{chapter.3}{\376\377\000T\000e\000s\000t\000\040\000\351\000s\000\040\000v\000e\000k\000t\000o\000r\000t\000\351\000r}{}% 12
\BOOKMARK [1][-]{section.3.1}{\376\377\000T\000e\000s\000t\000b\001\121\000v\000\355\000t\000\351\000s}{chapter.3}% 13
\BOOKMARK [1][-]{section.3.2}{\376\377\000A\000l\000g\000e\000b\000r\000a\000i\000\040\000b\001\121\000v\000\355\000t\000\351\000s}{chapter.3}% 14
\BOOKMARK [1][-]{section.3.3}{\376\377\000M\000\341\000t\000r\000i\000x\000o\000k\000\040\000\351\000s\000\040\000e\000g\000y\000e\000n\000l\000e\000t\000r\000e\000n\000d\000s\000z\000e\000r\000e\000k}{chapter.3}% 15
\BOOKMARK [0][-]{chapter.4}{\376\377\000S\000z\000e\000r\000k\000e\000s\000z\000t\000\351\000s}{}% 16
\BOOKMARK [1][-]{section.4.1}{\376\377\000A\000l\000g\000e\000b\000r\000a\000i\000\040\000z\000\341\000r\000t\000s\000\341\000g}{chapter.4}% 17
\BOOKMARK [1][-]{section.4.2}{\376\377\000E\000u\000k\000l\000i\000d\000e\000s\000z\000i\000\040\000s\000z\000e\000r\000k\000e\000s\000z\000t\000\351\000s}{chapter.4}% 18
\BOOKMARK [1][-]{section.4.3}{\376\377\000T\000\366\000r\000t\000e\000k}{chapter.4}% 19
\BOOKMARK [0][-]{chapter.5}{\376\377\000T\000\366\000r\000t\000e\000k\000\040\000\341\000l\000t\000a\000l\000\341\000n\000o\000s\000\355\000t\000\341\000s\000a}{}% 20
\BOOKMARK [1][-]{section.5.1}{\376\377\000H\000\341\000n\000y\000a\000d\000o\000s\000t\000e\000s\000t}{chapter.5}% 21
\BOOKMARK [1][-]{section.5.2}{\376\377\000N\000e\000v\000e\000z\000e\000t\000e\000s\000\040\000s\000z\000e\000r\000k\000e\000s\000z\000t\000\351\000s\000i\000\040\000p\000r\000o\000b\000l\000\351\000m\000\341\000k}{chapter.5}% 22
\BOOKMARK [0][-]{chapter.6}{\376\377\000P\000r\000i\000m\000i\000t\000\355\000v\000\040\000g\000y\000\366\000k}{}% 23
\BOOKMARK [1][-]{section.6.1}{\376\377\000K\000o\000n\000g\000r\000u\000e\000n\000c\000i\000a\000\040\000e\000m\000l\000\351\000k\000e\000k}{chapter.6}% 24
\BOOKMARK [1][-]{section.6.2}{\376\377\000P\000r\000i\000m\000i\000t\000\355\000v\000\040\000g\000y\000\366\000k}{chapter.6}% 25
\BOOKMARK [1][-]{section.6.3}{\376\377\000B\000i\000n\000o\000m\000\040\000k\000o\000n\000g\000r\000u\000e\000n\000c\000i\000\341\000k}{chapter.6}% 26
\BOOKMARK [0][-]{chapter.7}{\376\377\000K\000v\000a\000d\000r\000a\000t\000i\000k\000u\000s\000\040\000m\000a\000r\000a\000d\000\351\000k\000o\000k}{}% 27
\BOOKMARK [1][-]{section.7.1}{\376\377\000K\000\351\000t\000\040\000n\000\351\000g\000y\000z\000e\000t\000s\000z\000\341\000m\000\040\000t\000\351\000t\000e\000l}{chapter.7}% 28
\BOOKMARK [1][-]{section.7.2}{\376\377\000L\000e\000g\000e\000n\000d\000r\000e\000-\000s\000z\000i\000m\000b\000\363\000l\000u\000m}{chapter.7}% 29
\BOOKMARK [1][-]{section.7.3}{\376\377\000\040\000f\000\351\000l\000e\000k\000\351\000p\000p\000e\000n}{chapter.7}% 30
\BOOKMARK [0][-]{chapter.8}{\376\377\000F\000e\000r\000m\000a\000t\000,\000\040\000W\000i\000l\000e\000s\000,\000\040\000R\000i\000v\000e\000s\000t\000,\000\040\000S\000h\000a\000m\000i\000r\000,\000\040\000A\000d\000l\000e\000m\000a\000n\000n}{}% 31
\BOOKMARK [1][-]{section.8.1}{\376\377\000P\000i\000t\000a\000g\000o\000r\000a\000s\000z\000i\000\040\000s\000z\000\341\000m\000h\000\341\000r\000m\000a\000s\000o\000k\000\040\000\050\000e\000m\000l\000\351\000k\000\051}{chapter.8}% 32
\BOOKMARK [1][-]{section.8.2}{\376\377\000F\000e\000r\000m\000a\000t\000-\000s\000e\000j\000t\000\351\000s\000,\000\040\000W\000i\000l\000e\000s\000-\000t\000\351\000t\000e\000l}{chapter.8}% 33
\BOOKMARK [1][-]{section.8.3}{\376\377\000T\000i\000t\000k\000o\000s\000\355\000r\000\341\000s\000\040\000\050\000R\000S\000A\000\051}{chapter.8}% 34
\BOOKMARK [0][-]{chapter.9}{\376\377\000E\000g\000\351\000s\000z\000e\000n\000\040\000\372\000j\000\040\000e\000g\000\351\000s\000z\000e\000k}{}% 35
\BOOKMARK [1][-]{section.9.1}{\376\377\000G\000a\000u\000s\000s\000-\000e\000g\000\351\000s\000z\000e\000k}{chapter.9}% 36
\BOOKMARK [1][-]{section.9.2}{\376\377\000G\000a\000u\000s\000s\000-\000p\000r\000\355\000m\000e\000k}{chapter.9}% 37
\BOOKMARK [1][-]{section.9.3}{\376\377\000A\000l\000k\000a\000l\000m\000a\000z\000\341\000s\000o\000k}{chapter.9}% 38
\BOOKMARK [0][-]{chapter.10}{\376\377\000S\000z\000\355\000n\000e\000s\000\040\000b\000e\000c\000s\000l\000\351\000s\000e\000k}{}% 39
\BOOKMARK [1][-]{section.10.1}{\376\377\000K\000\366\000r\000o\000s\000z\000t\000\341\000s\000i\000\040\000p\000o\000l\000i\000n\000o\000m\000o\000k}{chapter.10}% 40
\BOOKMARK [1][-]{section.10.2}{\376\377\000F\000a\000k\000t\000o\000r\000i\000\341\000l\000i\000s\000o\000k\000\040\000s\000z\000\341\000m\000e\000l\000m\000\351\000l\000e\000t\000e}{chapter.10}% 41
\BOOKMARK [1][-]{section.10.3}{\376\377\000C\000s\000e\000b\000i\000s\000e\000v\000-\000t\000\351\000t\000e\000l}{chapter.10}% 42
\BOOKMARK [0][-]{chapter.11}{\376\377\000S\000z\000\341\000m\000e\000l\000m\000\351\000l\000e\000t\000i\000\040\000f\000\374\000g\000g\000v\000\351\000n\000y\000e\000k}{}% 43
\BOOKMARK [1][-]{section.11.1}{\376\377\000H\000e\000g\000y\000-\000\040\000\351\000s\000\040\000v\000\366\000l\000g\000y\000t\000\351\000t\000e\000l}{chapter.11}% 44
\BOOKMARK [1][-]{section.11.2}{\376\377\000T\000\366\000k\000\351\000l\000e\000t\000e\000s}{chapter.11}% 45
\BOOKMARK [1][-]{section.11.3}{\376\377\000M\000e\000l\000y\000i\000k\000\040\000f\000\341\000k\000a\000t\000\040\000l\000\341\000t\000o\000m\000?}{chapter.11}% 46
\BOOKMARK [0][-]{chapter*.3}{\376\377\000V\000\351\000g\000t\000e\000l\000e\000n\000\040\000s\000o\000k\000\040\000p\000r\000\355\000m}{}% 47
\BOOKMARK [1][-]{section.12.1}{\376\377\000n\000=\0001\000\040\000\040\000\040\000e\000p\000s\000t\000o\000p\000d\000f\0001\000n\000\040\000\040\000d\000i\000v\000e\000r\000g\000e\000n\000s\000s\000e\000l}{chapter*.3}% 48
\BOOKMARK [1][-]{section.12.2}{\376\377\000p\000\040\000p\000r\000\355\000m\000\040\000\040\000e\000p\000s\000t\000o\000p\000d\000f\0001\000p\000\040\000d\000i\000v\000e\000r\000g\000e\000n\000s\000s\000e\000l}{chapter*.3}% 49
\BOOKMARK [1][-]{section.12.3}{\376\377\0004\000k\000+\0001\000\040\000a\000l\000a\000k\000\372\000a\000k}{chapter*.3}% 50
\BOOKMARK [1][-]{section.12.4}{\376\377\0008\000k\000+\0001\000\040\000a\000l\000a\000k\000\372\000a\000k}{chapter*.3}% 51
\BOOKMARK [1][-]{section.12.5}{\376\377\0008\000k\000-\0001\000\040\000a\000l\000a\000k\000\372\000a\000k}{chapter*.3}% 52
\BOOKMARK [1][-]{section.12.6}{\376\377\0008\000k\000+\0003\000\040\000a\000l\000a\000k\000\372\000a\000k}{chapter*.3}% 53
\BOOKMARK [1][-]{section.12.7}{\376\377\000M\000e\000r\000s\000e\000n\000n\000e\000-\000s\000z\000\341\000m\000o\000k\000k\000a\000l\000:\000\040\000q\0002\000p\000-\0001}{chapter*.3}% 54
\BOOKMARK [1][-]{section.12.8}{\376\377\000C\000s\000e\000b\000i\000s\000e\000v\000-\000t\000\351\000t\000e\000l\000l\000e\000l}{chapter*.3}% 55
\BOOKMARK [1][-]{section.12.9}{\376\377\000A\000l\000s\000\363\000\040\000b\000e\000c\000s\000l\000\351\000s\000\040\000\050\000n\000\051\000-\000r\000e}{chapter*.3}% 56
\BOOKMARK [1][-]{section.12.10}{\376\377\000\040\000K\000\366\000r\000o\000s\000z\000t\000\341\000s\000i\000\040\000p\000o\000l\000i\000n\000o\000m\000o\000k\000k\000a\000l\000:\000\040\000n\000k\000+\0001\000\040\000a\000l\000a\000k\000\372\000a\000k}{chapter*.3}% 57
\BOOKMARK [0][-]{chapter*.4}{\376\377\000M\000i\000\040\000v\000\341\000r\000h\000a\000t\000\363\000?}{}% 58
\BOOKMARK [0][-]{chapter*.5}{\376\377\000M\000e\000l\000l\000\351\000k\000l\000e\000t\000e\000k}{}% 59
\BOOKMARK [1][-]{section.13.1}{\376\377\000M\000i\000\351\000r\000t\000\040\000a\000\040\000b\001\121\000v\000\355\000t\000\351\000s\000e\000?}{chapter*.5}% 60
\BOOKMARK [1][-]{section.13.2}{\376\377\000K\000l\000a\000s\000s\000z\000i\000k\000u\000s\000\040\000b\000i\000z\000o\000n\000y\000\355\000t\000\341\000s}{chapter*.5}% 61
\BOOKMARK [1][-]{section.13.3}{\376\377\000C\000s\000e\000b\000i\000s\000e\000v\000-\000t\000\351\000t\000e\000l\000\040\000v\000\351\000g\000e}{chapter*.5}% 62
